<?xml version="1.0" encoding="UTF-8"?>
<testsuite name="consumo reqres" tests="3" skipped="0" failures="0" errors="0" timestamp="2022-03-26T02:19:35" hostname="juan-Forward-Unto-Dawn" time="6.823">
  <properties/>
  <testcase name="Obtener un error por usuario no encontrado" classname="consumo reqres" time="6.103"/>
  <testcase name="Obtener un usuario dado un identificador" classname="consumo reqres" time="0.194"/>
  <testcase name="crear un usuario dado su nombre y trabajo" classname="consumo reqres" time="0.526"/>
  <system-out><![CDATA[2022-03-25 21:19:35 INFO  ReqresStepDefinition:63 23
{
    
}
2022-03-25 21:19:41 INFO  ReqresStepDefinition:96 2
2022-03-25 21:19:41 INFO  ReqresStepDefinition:131 Creando el usuario con name = morpheus y job = leader
]]></system-out>
  <system-err><![CDATA[]]></system-err>
</testsuite>
