<?xml version="1.0" encoding="UTF-8"?>
<testsuite name="Consumo typicode" tests="1" skipped="0" failures="0" errors="0" timestamp="2022-03-26T02:19:32" hostname="juan-Forward-Unto-Dawn" time="1.857">
  <properties/>
  <testcase name="Crear un usuario dados sus datos personales" classname="Consumo typicode" time="1.857"/>
  <system-out><![CDATA[2022-03-25 21:19:33 INFO  TypicodeStepDefinition:53 
]]></system-out>
  <system-err><![CDATA[]]></system-err>
</testsuite>
