<?xml version="1.0" encoding="UTF-8"?>
<testsuite name="Nombre de moneda" tests="1" skipped="0" failures="0" errors="0" timestamp="2022-03-28T02:52:02" hostname="FORWARD-UNTO-DA" time="0.8">
  <properties/>
  <testcase name="Convertir de moneda ISO a nombre formal" classname="Nombre de moneda" time="0.8"/>
  <system-out><![CDATA[2022-03-27 21:52:02 INFO  ConvertCurrencyNameTestStepDefinition:44 <soapenv:Envelope xmlns:soapenv="http://schemas.xmlsoap.org/soap/envelope/" xmlns:web="http://www.oorsprong.org/websamples.countryinfo">
    <soapenv:Header/>
    <soapenv:Body>
        <web:CurrencyName>
            <web:sCurrencyISOCode>COP</web:sCurrencyISOCode>
        </web:CurrencyName>
    </soapenv:Body>
</soapenv:Envelope>

<soap:Envelope xmlns:soap="http://schemas.xmlsoap.org/soap/envelope/">
  <soap:Body>
    <m:CurrencyNameResponse xmlns:m="http://www.oorsprong.org/websamples.countryinfo">
      <m:CurrencyNameResult>Pesos</m:CurrencyNameResult>
    </m:CurrencyNameResponse>
  </soap:Body>
</soap:Envelope>
]]></system-out>
  <system-err><![CDATA[]]></system-err>
</testsuite>
