<?xml version="1.0" encoding="UTF-8"?>
<testsuite name="consumo reqres" tests="1" skipped="1" failures="0" errors="0" timestamp="2022-03-25T01:03:43" hostname="juan-Forward-Unto-Dawn" time="0.141">
  <properties/>
  <testcase name="Obtener un error por usuario no encontrado" classname="consumo reqres" time="0.141">
    <skipped/>
  </testcase>
  <system-out><![CDATA[]]></system-out>
  <system-err><![CDATA[]]></system-err>
</testsuite>
